Unity Editor version:    2021.1.19f1 (5f5eb8bbdc25)
Branch:                  2021.1/staging
Build type:              Release
Batch mode:              YES
macOS version:           Version 10.15.7 (Build 19H1323)
Darwin version:          19.6.0
Architecture:            x86_64
Running under Rosetta:   NO
Available memory:        16384 MB
Using pre-set license
Pro License: NO
Pro License: NO

COMMAND LINE ARGUMENTS:
/Applications/Unity/Hub/Editor/2021.1.19f1/Unity.app/Contents/MacOS/Unity
-adb2
-batchMode
-noUpm
-name
AssetImportWorker1
-projectPath
/Users/jreinke/Programs/GitHub/TigerHacks-Gravity-Guy/Gravity Guy
-logFile
Logs/AssetImportWorker1.log
-srvPort
55993
Successfully changed project path to: /Users/jreinke/Programs/GitHub/TigerHacks-Gravity-Guy/Gravity Guy
/Users/jreinke/Programs/GitHub/TigerHacks-Gravity-Guy/Gravity Guy
Using Asset Import Pipeline V2.
Refreshing native plugins compatible for Editor in 115.52 ms, found 3 plugins.
Preloading 0 native plugins for Editor in 0.00 ms.
Initialize engine version: 2021.1.19f1 (5f5eb8bbdc25)
[Subsystems] Discovering subsystems at path /Applications/Unity/Hub/Editor/2021.1.19f1/Unity.app/Contents/Resources/UnitySubsystems
[Subsystems] Discovering subsystems at path /Users/jreinke/Programs/GitHub/TigerHacks-Gravity-Guy/Gravity Guy/Assets
GfxDevice: creating device client; threaded=0; jobified=0
2021-11-07 03:23:04.585 Unity[74283:4331657] Color LCD preferred device: Intel(R) Iris(TM) Plus Graphics (low power)
2021-11-07 03:23:04.585 Unity[74283:4331657] Metal devices available: 1
2021-11-07 03:23:04.585 Unity[74283:4331657] 0: Intel(R) Iris(TM) Plus Graphics (low power)
2021-11-07 03:23:04.586 Unity[74283:4331657] Using device Intel(R) Iris(TM) Plus Graphics (low power)
Initializing Metal device caps: Intel(R) Iris(TM) Plus Graphics
Initialize mono
Mono path[0] = '/Applications/Unity/Hub/Editor/2021.1.19f1/Unity.app/Contents/Managed'
Mono path[1] = '/Applications/Unity/Hub/Editor/2021.1.19f1/Unity.app/Contents/MonoBleedingEdge/lib/mono/unityjit'
Mono config path = '/Applications/Unity/Hub/Editor/2021.1.19f1/Unity.app/Contents/MonoBleedingEdge/etc'
Using monoOptions --debugger-agent=transport=dt_socket,embedding=1,server=y,suspend=n,address=127.0.0.1:56283
Begin MonoManager ReloadAssembly
Registering precompiled unity dll's ...
Register platform support module: /Applications/Unity/Hub/Editor/2021.1.19f1/PlaybackEngines/WebGLSupport/UnityEditor.WebGL.Extensions.dll
Register platform support module: /Applications/Unity/Hub/Editor/2021.1.19f1/Unity.app/Contents/PlaybackEngines/MacStandaloneSupport/UnityEditor.OSXStandalone.Extensions.dll
Registered in 0.000773 seconds.
Native extension for OSXStandalone target not found
Native extension for WebGL target not found
Refreshing native plugins compatible for Editor in 126.73 ms, found 3 plugins.
Preloading 0 native plugins for Editor in 0.00 ms.
Mono: successfully reloaded assembly
- Completed reload, in  5.008 seconds
Domain Reload Profiling:
	ReloadAssembly (5008ms)
		BeginReloadAssembly (51ms)
			ExecutionOrderSort (0ms)
			DisableScriptedObjects (0ms)
			BackupInstance (0ms)
			ReleaseScriptingObjects (0ms)
			CreateAndSetChildDomain (1ms)
		EndReloadAssembly (708ms)
			LoadAssemblies (50ms)
			RebuildTransferFunctionScriptingTraits (0ms)
			SetupTypeCache (276ms)
			ReleaseScriptCaches (0ms)
			RebuildScriptCaches (51ms)
			SetupLoadedEditorAssemblies (326ms)
				LogAssemblyErrors (0ms)
				InitializePlatformSupportModulesInManaged (10ms)
				SetLoadedEditorAssemblies (0ms)
				RefreshPlugins (127ms)
				BeforeProcessingInitializeOnLoad (2ms)
				ProcessInitializeOnLoadAttributes (149ms)
				ProcessInitializeOnLoadMethodAttributes (38ms)
				AfterProcessingInitializeOnLoad (0ms)
				EditorAssembliesLoaded (0ms)
			ExecutionOrderSort2 (0ms)
			AwakeInstancesAfterBackupRestoration (0ms)
Platform modules already initialized, skipping
Registering precompiled user dll's ...
Registered in 0.002335 seconds.
Begin MonoManager ReloadAssembly
Symbol file LoadedFromMemory doesn't match image /Users/jreinke/Programs/GitHub/TigerHacks-Gravity-Guy/Gravity Guy/Library/PackageCache/com.unity.visualscripting@1.6.1/Editor/VisualScripting.Core/Dependencies/YamlDotNet/Unity.VisualScripting.YamlDotNet.dll
Symbol file LoadedFromMemory doesn't match image /Users/jreinke/Programs/GitHub/TigerHacks-Gravity-Guy/Gravity Guy/Library/PackageCache/com.unity.visualscripting@1.6.1/Editor/VisualScripting.Core/Dependencies/DotNetZip/Unity.VisualScripting.IonicZip.dll
Native extension for OSXStandalone target not found
Native extension for WebGL target not found
Refreshing native plugins compatible for Editor in 122.80 ms, found 3 plugins.
Preloading 0 native plugins for Editor in 0.00 ms.
Mono: successfully reloaded assembly
- Completed reload, in  1.678 seconds
Domain Reload Profiling:
	ReloadAssembly (1678ms)
		BeginReloadAssembly (183ms)
			ExecutionOrderSort (0ms)
			DisableScriptedObjects (6ms)
			BackupInstance (0ms)
			ReleaseScriptingObjects (0ms)
			CreateAndSetChildDomain (41ms)
		EndReloadAssembly (1413ms)
			LoadAssemblies (96ms)
			RebuildTransferFunctionScriptingTraits (0ms)
			SetupTypeCache (523ms)
			ReleaseScriptCaches (1ms)
			RebuildScriptCaches (83ms)
			SetupLoadedEditorAssemblies (559ms)
				LogAssemblyErrors (0ms)
				InitializePlatformSupportModulesInManaged (6ms)
				SetLoadedEditorAssemblies (0ms)
				RefreshPlugins (123ms)
				BeforeProcessingInitializeOnLoad (87ms)
				ProcessInitializeOnLoadAttributes (322ms)
				ProcessInitializeOnLoadMethodAttributes (19ms)
				AfterProcessingInitializeOnLoad (1ms)
				EditorAssembliesLoaded (0ms)
			ExecutionOrderSort2 (0ms)
			AwakeInstancesAfterBackupRestoration (9ms)
Platform modules already initialized, skipping
========================================================================
Worker process is ready to serve import requests
Launching external process: /Applications/Unity/Hub/Editor/2021.1.19f1/Unity.app/Contents/Tools/UnityShaderCompiler
Launched and connected shader compiler UnityShaderCompiler after 0.02 seconds
Refreshing native plugins compatible for Editor in 0.88 ms, found 3 plugins.
Preloading 0 native plugins for Editor in 0.00 ms.
Unloading 3697 Unused Serialized files (Serialized files now loaded: 0)
System memory in use before: 253.9 MB.
System memory in use after: 254.0 MB.

Unloading 30 unused Assets to reduce memory usage. Loaded Objects now: 4149.
Total: 3.638868 ms (FindLiveObjects: 0.292011 ms CreateObjectMapping: 0.168544 ms MarkObjects: 3.037224 ms  DeleteObjects: 0.139811 ms)

AssetImportParameters requested are different than current active one (requested -> active):
  custom:video-decoder-ogg-theora: a1e56fd34408186e4bbccfd4996cb3dc -> 
  custom:container-muxer-webm: aa71ff27fc2769a1b78a27578f13a17b -> 
  custom:container-demuxer-webm: 4f35f7cbe854078d1ac9338744f61a02 -> 
  custom:container-demuxer-ogg: 62fdf1f143b41e24485cea50d1cbac27 -> 
  custom:video-encoder-webm-vp8: eb34c28f22e8b96e1ab97ce403110664 -> 
  custom:framework-osx-AVFoundation: b23960f63f64bdc6ff669e2cdcee2391 -> 
  custom:video-decoder-webm-vp8: 9c59270c3fd7afecdb556c50c9e8de78 -> 
  custom:audio-decoder-ogg-vorbis: bf7c407c2cedff20999df2af8eb42d56 -> 
  custom:audio-encoder-webm-vorbis: bf7c407c2cedff20999df2af8eb42d56 -> 
========================================================================
Received Import Request.
  path: Assets/Tilemap/Tiles/PushPullTiles/PullWavesUp.asset
  artifactKey: Guid(657da5f667ebf44609c4df7ede0d0469) Importer(815301076,1909f56bfc062723c751e8b465ee728b)
Start importing Assets/Tilemap/Tiles/PushPullTiles/PullWavesUp.asset using Guid(657da5f667ebf44609c4df7ede0d0469) Importer(815301076,1909f56bfc062723c751e8b465ee728b)  -> (artifact id: '739fb01e8b6a5b64ea5e24f2772c6314') in 0.315211 seconds 
========================================================================
Received Import Request.
  Time since last request: 0.000241 seconds.
  path: Assets/Tilemap/Tiles/PushPullTiles/PushWavesRight.asset
  artifactKey: Guid(69b93e2b8b25944afb12fad12f974585) Importer(815301076,1909f56bfc062723c751e8b465ee728b)
Start importing Assets/Tilemap/Tiles/PushPullTiles/PushWavesRight.asset using Guid(69b93e2b8b25944afb12fad12f974585) Importer(815301076,1909f56bfc062723c751e8b465ee728b)  -> (artifact id: '4c480f96828e4ef8d1aa1ab02c9d7d27') in 0.004383 seconds 
========================================================================
Received Import Request.
  Time since last request: 0.000236 seconds.
  path: Assets/Tilemap/Tiles/PushPullTiles/PullWavesLeft.asset
  artifactKey: Guid(4f5406a56edb34cc18fbdab59d4ef89b) Importer(815301076,1909f56bfc062723c751e8b465ee728b)
Start importing Assets/Tilemap/Tiles/PushPullTiles/PullWavesLeft.asset using Guid(4f5406a56edb34cc18fbdab59d4ef89b) Importer(815301076,1909f56bfc062723c751e8b465ee728b)  -> (artifact id: 'ade225ec24a7f3c64f68df82936de3e2') in 0.003261 seconds 
========================================================================
Received Import Request.
  Time since last request: 0.000329 seconds.
  path: Assets/Tilemap/Tiles/PushPullTiles/PullWavesDown.asset
  artifactKey: Guid(86bfdaf3d5b984ee4a8daae50d8f49fe) Importer(815301076,1909f56bfc062723c751e8b465ee728b)
Start importing Assets/Tilemap/Tiles/PushPullTiles/PullWavesDown.asset using Guid(86bfdaf3d5b984ee4a8daae50d8f49fe) Importer(815301076,1909f56bfc062723c751e8b465ee728b)  -> (artifact id: '411d2f1bd0e4f1e07a2ede801faa22b3') in 0.003866 seconds 
========================================================================
Received Import Request.
  Time since last request: 0.000230 seconds.
  path: Assets/Tilemap/Tiles/PushPullTiles/PushWavesLeft.asset
  artifactKey: Guid(95e7dfa09be6848cc984fa1e557903c3) Importer(815301076,1909f56bfc062723c751e8b465ee728b)
Start importing Assets/Tilemap/Tiles/PushPullTiles/PushWavesLeft.asset using Guid(95e7dfa09be6848cc984fa1e557903c3) Importer(815301076,1909f56bfc062723c751e8b465ee728b)  -> (artifact id: '0435874ebc1f3d9299e693d0ef8bf728') in 0.005476 seconds 
========================================================================
Received Import Request.
  Time since last request: 0.000300 seconds.
  path: Assets/Tilemap/Tiles/PushPullTiles/PushWavesUp.asset
  artifactKey: Guid(a4023fa37b5184e1facf3e7c425e9b4c) Importer(815301076,1909f56bfc062723c751e8b465ee728b)
Start importing Assets/Tilemap/Tiles/PushPullTiles/PushWavesUp.asset using Guid(a4023fa37b5184e1facf3e7c425e9b4c) Importer(815301076,1909f56bfc062723c751e8b465ee728b)  -> (artifact id: '4e63c71398c38528543904935c104b30') in 0.004705 seconds 
========================================================================
Received Import Request.
  Time since last request: 0.000228 seconds.
  path: Assets/Tilemap/Tiles/PushPullTiles/PullWavesRight.asset
  artifactKey: Guid(f31c87b3d16b74fdf8b5370e6cfdc06c) Importer(815301076,1909f56bfc062723c751e8b465ee728b)
Start importing Assets/Tilemap/Tiles/PushPullTiles/PullWavesRight.asset using Guid(f31c87b3d16b74fdf8b5370e6cfdc06c) Importer(815301076,1909f56bfc062723c751e8b465ee728b)  -> (artifact id: '5ec6c257fe79ef70150867f81d3de8a2') in 0.003971 seconds 
========================================================================
Received Import Request.
  Time since last request: 0.000273 seconds.
  path: Assets/Tilemap/Tiles/PushPullTiles/PushWavesDown.asset
  artifactKey: Guid(4dca839f8e3544890ab85dd8da251e13) Importer(815301076,1909f56bfc062723c751e8b465ee728b)
Start importing Assets/Tilemap/Tiles/PushPullTiles/PushWavesDown.asset using Guid(4dca839f8e3544890ab85dd8da251e13) Importer(815301076,1909f56bfc062723c751e8b465ee728b)  -> (artifact id: 'a183b8170905d386e7b33dc83fc90d09') in 0.003388 seconds 
AssetImportWorkerClient::OnTransportError - code=2 error=End of file
